05/15/2022 09:07:14 PM Opening firefox browser
05/15/2022 09:07:56 PM Navigating to https://www.saucedemo.com/
05/15/2022 09:07:56 PM ******Test Case: Validating Login Page Title
05/15/2022 09:07:56 PM Taking a screenshot .\screenshots\image-051522-210756.png
05/15/2022 09:07:56 PM Closing the browser
05/15/2022 09:08:04 PM Opening firefox browser
05/15/2022 09:08:28 PM Navigating to https://www.saucedemo.com/
05/15/2022 09:08:29 PM ******Test Case: Validating Login Process
05/15/2022 09:08:29 PM Taking a screenshot .\screenshots\image-051522-210829.png
05/15/2022 09:08:29 PM Closing the browser
05/17/2022 06:06:02 PM Opening firefox browser
05/17/2022 06:06:10 PM Navigating to https://www.saucedemo.com/
05/17/2022 06:06:10 PM Login with valid credentials
05/17/2022 06:06:11 PM Finding the element Sauce Labs Backpack
05/17/2022 06:06:11 PM Taking a screenshot .\screenshots\image-051722-180611.png
05/17/2022 06:06:11 PM Closing the browser
05/17/2022 06:06:20 PM Opening firefox browser
05/17/2022 06:06:28 PM Navigating to https://www.saucedemo.com/
05/17/2022 06:06:28 PM ******Test Case: Validating Login Page Title
05/17/2022 06:06:28 PM Taking a screenshot .\screenshots\image-051722-180628.png
05/17/2022 06:06:28 PM Closing the browser
05/17/2022 06:06:37 PM Opening firefox browser
05/17/2022 06:06:50 PM Navigating to https://www.saucedemo.com/
05/17/2022 06:06:51 PM ******Test Case: Validating Login Process
05/17/2022 06:06:51 PM Taking a screenshot .\screenshots\image-051722-180651.png
05/17/2022 06:06:51 PM Closing the browser
05/17/2022 06:07:48 PM Opening firefox browser
05/17/2022 06:07:53 PM Navigating to https://www.saucedemo.com/
05/17/2022 06:07:53 PM Login with valid credentials
05/17/2022 06:07:54 PM Finding the element Sauce Labs Backpack
05/17/2022 06:07:54 PM Taking a screenshot .\screenshots\image-051722-180754.png
05/17/2022 06:07:54 PM Closing the browser
05/17/2022 06:08:03 PM Opening firefox browser
05/17/2022 06:08:07 PM Navigating to https://www.saucedemo.com/
05/17/2022 06:08:07 PM ******Test Case: Validating Login Page Title
05/17/2022 06:08:07 PM Taking a screenshot .\screenshots\image-051722-180807.png
05/17/2022 06:08:07 PM Closing the browser
05/17/2022 06:08:16 PM Opening firefox browser
05/17/2022 06:08:20 PM Navigating to https://www.saucedemo.com/
05/17/2022 06:08:20 PM ******Test Case: Validating Login Process
05/17/2022 06:08:20 PM Taking a screenshot .\screenshots\image-051722-180820.png
05/17/2022 06:08:20 PM Closing the browser
05/17/2022 06:09:31 PM Opening firefox browser
05/17/2022 06:09:35 PM Navigating to https://www.saucedemo.com/
05/17/2022 06:09:35 PM Login with valid credentials
05/17/2022 06:09:36 PM Finding the element Sauce Labs Backpack
05/17/2022 06:09:36 PM Taking a screenshot .\screenshots\image-051722-180936.png
05/17/2022 06:09:36 PM Closing the browser
05/17/2022 06:09:44 PM Opening firefox browser
05/17/2022 06:09:48 PM Navigating to https://www.saucedemo.com/
05/17/2022 06:09:48 PM ******Test Case: Validating Login Page Title
05/17/2022 06:09:48 PM Taking a screenshot .\screenshots\image-051722-180948.png
05/17/2022 06:09:48 PM Closing the browser
05/17/2022 06:09:57 PM Opening firefox browser
05/17/2022 06:10:03 PM Navigating to https://www.saucedemo.com/
05/17/2022 06:10:04 PM ******Test Case: Validating Login Process
05/17/2022 06:10:04 PM Taking a screenshot .\screenshots\image-051722-181004.png
05/17/2022 06:10:04 PM Closing the browser
05/17/2022 06:15:57 PM Opening firefox browser
05/17/2022 06:16:01 PM Navigating to https://www.saucedemo.com/
05/17/2022 06:16:01 PM Login with valid credentials
05/17/2022 06:16:01 PM Finding the element Sauce Labs Backpack
05/17/2022 06:16:01 PM Taking a screenshot .\screenshots\image-051722-181601.png
05/17/2022 06:16:01 PM Closing the browser
05/17/2022 06:16:10 PM Opening firefox browser
05/17/2022 06:16:14 PM Navigating to https://www.saucedemo.com/
05/17/2022 06:16:14 PM ******Test Case: Validating Login Page Title
05/17/2022 06:16:14 PM Taking a screenshot .\screenshots\image-051722-181614.png
05/17/2022 06:16:14 PM Closing the browser
05/17/2022 06:16:23 PM Opening firefox browser
05/17/2022 06:16:28 PM Navigating to https://www.saucedemo.com/
05/17/2022 06:16:29 PM ******Test Case: Validating Login Process
05/17/2022 06:16:29 PM Taking a screenshot .\screenshots\image-051722-181629.png
05/17/2022 06:16:29 PM Closing the browser
05/17/2022 06:17:30 PM Opening firefox browser
05/17/2022 06:17:34 PM Navigating to https://www.saucedemo.com/
05/17/2022 06:17:34 PM Login with valid credentials
05/17/2022 06:17:35 PM Finding the element Sauce Labs Backpack
05/17/2022 06:17:35 PM Taking a screenshot .\screenshots\image-051722-181735.png
05/17/2022 06:17:35 PM Closing the browser
05/17/2022 06:17:44 PM Opening firefox browser
05/17/2022 06:17:48 PM Navigating to https://www.saucedemo.com/
05/17/2022 06:17:48 PM ******Test Case: Validating Login Page Title
05/17/2022 06:17:48 PM Taking a screenshot .\screenshots\image-051722-181748.png
05/17/2022 06:17:48 PM Closing the browser
05/17/2022 06:17:57 PM Opening firefox browser
05/17/2022 06:18:01 PM Navigating to https://www.saucedemo.com/
05/17/2022 06:18:01 PM ******Test Case: Validating Login Process
05/17/2022 06:18:01 PM Taking a screenshot .\screenshots\image-051722-181801.png
05/17/2022 06:18:01 PM Closing the browser
05/17/2022 06:20:18 PM Opening firefox browser
05/17/2022 06:20:22 PM Navigating to https://www.saucedemo.com/
05/17/2022 06:20:22 PM Login with valid credentials
05/17/2022 06:20:22 PM Finding the element Sauce Labs Backpack
05/17/2022 06:20:22 PM Taking a screenshot .\screenshots\image-051722-182022.png
05/17/2022 06:20:22 PM Closing the browser
05/17/2022 06:20:31 PM Opening firefox browser
05/17/2022 06:20:35 PM Navigating to https://www.saucedemo.com/
05/17/2022 06:20:35 PM ******Test Case: Validating Login Page Title
05/17/2022 06:20:35 PM Taking a screenshot .\screenshots\image-051722-182035.png
05/17/2022 06:20:35 PM Closing the browser
05/17/2022 06:20:44 PM Opening firefox browser
05/17/2022 06:20:48 PM Navigating to https://www.saucedemo.com/
05/17/2022 06:20:49 PM ******Test Case: Validating Login Process
05/17/2022 06:20:49 PM Taking a screenshot .\screenshots\image-051722-182049.png
05/17/2022 06:20:49 PM Closing the browser
05/17/2022 06:21:40 PM Opening firefox browser
05/17/2022 06:21:44 PM Navigating to https://www.saucedemo.com/
05/17/2022 06:21:44 PM Login with valid credentials
05/17/2022 06:21:44 PM Finding the element Sauce Labs Backpack
05/17/2022 06:21:44 PM Taking a screenshot .\screenshots\image-051722-182144.png
05/17/2022 06:21:44 PM Closing the browser
05/17/2022 06:21:53 PM Opening firefox browser
05/17/2022 06:21:57 PM Navigating to https://www.saucedemo.com/
05/17/2022 06:21:57 PM ******Test Case: Validating Login Page Title
05/17/2022 06:21:57 PM Taking a screenshot .\screenshots\image-051722-182157.png
05/17/2022 06:21:57 PM Closing the browser
05/17/2022 06:22:05 PM Opening firefox browser
05/17/2022 06:22:09 PM Navigating to https://www.saucedemo.com/
05/17/2022 06:22:10 PM ******Test Case: Validating Login Process
05/17/2022 06:22:10 PM Taking a screenshot .\screenshots\image-051722-182210.png
05/17/2022 06:22:10 PM Closing the browser
05/17/2022 06:32:37 PM Opening firefox browser
05/17/2022 06:32:41 PM Navigating to https://www.saucedemo.com/
05/17/2022 06:32:41 PM Login with valid credentials
05/17/2022 06:32:42 PM Finding the element Sauce Labs Backpack
05/17/2022 06:32:42 PM Taking a screenshot .\screenshots\image-051722-183242.png
05/17/2022 06:32:42 PM Closing the browser
05/17/2022 06:32:51 PM Opening firefox browser
05/17/2022 06:32:55 PM Navigating to https://www.saucedemo.com/
05/17/2022 06:32:55 PM ******Test Case: Validating Login Page Title
05/17/2022 06:32:55 PM Taking a screenshot .\screenshots\image-051722-183255.png
05/17/2022 06:32:55 PM Closing the browser
05/17/2022 06:33:04 PM Opening firefox browser
05/17/2022 06:33:07 PM Navigating to https://www.saucedemo.com/
05/17/2022 06:33:08 PM ******Test Case: Validating Login Process
05/17/2022 06:33:08 PM Taking a screenshot .\screenshots\image-051722-183308.png
05/17/2022 06:33:08 PM Closing the browser
05/17/2022 06:35:35 PM Opening firefox browser
05/17/2022 06:35:39 PM Navigating to https://www.saucedemo.com/
05/17/2022 06:35:39 PM Login with valid credentials
05/17/2022 06:35:39 PM Taking a screenshot .\screenshots\image-051722-183539.png
05/17/2022 06:35:39 PM Closing the browser
05/17/2022 06:35:48 PM Opening firefox browser
05/17/2022 06:35:52 PM Navigating to https://www.saucedemo.com/
05/17/2022 06:35:52 PM ******Test Case: Validating Login Page Title
05/17/2022 06:35:52 PM Taking a screenshot .\screenshots\image-051722-183552.png
05/17/2022 06:35:52 PM Closing the browser
05/17/2022 06:36:01 PM Opening firefox browser
05/17/2022 06:36:05 PM Navigating to https://www.saucedemo.com/
05/17/2022 06:36:06 PM ******Test Case: Validating Login Process
05/17/2022 06:36:06 PM Taking a screenshot .\screenshots\image-051722-183606.png
05/17/2022 06:36:06 PM Closing the browser
05/17/2022 06:38:39 PM Opening firefox browser
05/17/2022 06:38:43 PM Navigating to https://www.saucedemo.com/
05/17/2022 06:38:43 PM Login with valid credentials
05/17/2022 06:38:43 PM Taking a screenshot .\screenshots\image-051722-183843.png
05/17/2022 06:38:43 PM Closing the browser
05/17/2022 06:38:53 PM Opening firefox browser
05/17/2022 06:38:56 PM Navigating to https://www.saucedemo.com/
05/17/2022 06:38:57 PM ******Test Case: Validating Login Page Title
05/17/2022 06:38:57 PM Taking a screenshot .\screenshots\image-051722-183857.png
05/17/2022 06:38:57 PM Closing the browser
05/17/2022 06:39:05 PM Opening firefox browser
05/17/2022 06:39:09 PM Navigating to https://www.saucedemo.com/
05/17/2022 06:39:10 PM ******Test Case: Validating Login Process
05/17/2022 06:39:10 PM Taking a screenshot .\screenshots\image-051722-183910.png
05/17/2022 06:39:10 PM Closing the browser
05/17/2022 07:19:49 PM Opening firefox browser
05/17/2022 07:19:53 PM Navigating to https://www.saucedemo.com/
05/17/2022 07:19:53 PM Login with valid credentials
05/17/2022 07:19:53 PM Taking a screenshot .\screenshots\image-051722-191953.png
05/17/2022 07:19:53 PM Closing the browser
05/17/2022 07:20:02 PM Opening firefox browser
05/17/2022 07:20:06 PM Navigating to https://www.saucedemo.com/
05/17/2022 07:20:06 PM ******Test Case: Validating Login Page Title
05/17/2022 07:20:06 PM Taking a screenshot .\screenshots\image-051722-192006.png
05/17/2022 07:20:06 PM Closing the browser
05/17/2022 07:20:16 PM Opening firefox browser
05/17/2022 07:20:20 PM Navigating to https://www.saucedemo.com/
05/17/2022 07:20:20 PM ******Test Case: Validating Login Process
05/17/2022 07:20:20 PM Taking a screenshot .\screenshots\image-051722-192020.png
05/17/2022 07:20:20 PM Closing the browser
05/17/2022 07:27:34 PM Opening firefox browser
05/17/2022 07:27:38 PM Navigating to https://www.saucedemo.com/
05/17/2022 07:27:38 PM Login with valid credentials
05/17/2022 07:27:38 PM Taking a screenshot .\screenshots\image-051722-192738.png
05/17/2022 07:27:38 PM Closing the browser
05/17/2022 07:27:48 PM Opening firefox browser
05/17/2022 07:27:51 PM Navigating to https://www.saucedemo.com/
05/17/2022 07:33:27 PM Opening firefox browser
05/17/2022 07:33:28 PM Navigating to https://www.saucedemo.com/
05/17/2022 07:35:01 PM Opening firefox browser
05/17/2022 07:35:05 PM Navigating to https://www.saucedemo.com/
05/17/2022 07:35:05 PM Login with valid credentials
05/17/2022 07:35:05 PM Taking a screenshot .\screenshots\image-051722-193505.png
05/17/2022 07:35:05 PM Closing the browser
05/17/2022 07:45:16 PM Opening firefox browser
05/17/2022 07:45:20 PM Navigating to https://www.saucedemo.com/
05/17/2022 07:45:20 PM ******Test Case: Validating Login Page Title
05/17/2022 07:45:20 PM Taking a screenshot .\screenshots\image-051722-194520.png
05/17/2022 07:45:20 PM Closing the browser
05/17/2022 07:45:29 PM Opening firefox browser
05/17/2022 07:45:33 PM Navigating to https://www.saucedemo.com/
05/17/2022 07:45:33 PM Taking a screenshot .\screenshots\image-051722-194533.png
05/17/2022 07:45:33 PM Closing the browser
05/17/2022 07:46:17 PM Opening firefox browser
05/17/2022 07:46:21 PM Navigating to https://www.saucedemo.com/
05/17/2022 07:46:21 PM ******Test Case: Validating Login Page Title
05/17/2022 07:46:21 PM Taking a screenshot .\screenshots\image-051722-194621.png
05/17/2022 07:46:21 PM Closing the browser
05/17/2022 07:46:31 PM Opening firefox browser
05/17/2022 07:46:34 PM Navigating to https://www.saucedemo.com/
05/17/2022 07:46:34 PM Taking a screenshot .\screenshots\image-051722-194634.png
05/17/2022 07:46:34 PM Closing the browser
05/17/2022 07:48:25 PM Opening firefox browser
05/17/2022 07:48:29 PM Navigating to https://www.saucedemo.com/
05/17/2022 07:48:29 PM ******Test Case: Validating Login Page Title
05/17/2022 07:48:30 PM Taking a screenshot .\screenshots\image-051722-194830.png
05/17/2022 07:48:30 PM Closing the browser
05/17/2022 07:48:39 PM Opening firefox browser
05/17/2022 07:48:42 PM Navigating to https://www.saucedemo.com/
05/17/2022 07:48:43 PM Taking a screenshot .\screenshots\image-051722-194843.png
05/17/2022 07:48:43 PM Closing the browser
05/17/2022 07:58:27 PM Opening firefox browser
05/17/2022 07:58:31 PM Navigating to https://www.saucedemo.com/
05/17/2022 07:58:31 PM ******Test Case: Validating Login Page Title
05/17/2022 07:58:31 PM Taking a screenshot .\screenshots\image-051722-195831.png
05/17/2022 07:58:31 PM Closing the browser
05/17/2022 07:58:41 PM Opening firefox browser
05/17/2022 07:58:44 PM Navigating to https://www.saucedemo.com/
05/17/2022 07:58:44 PM Taking a screenshot .\screenshots\image-051722-195844.png
05/17/2022 07:58:44 PM Closing the browser
05/17/2022 08:00:14 PM Opening firefox browser
05/17/2022 08:00:18 PM Navigating to https://www.saucedemo.com/
05/17/2022 08:00:18 PM ******Test Case: Validating Login Page Title
05/17/2022 08:00:19 PM Taking a screenshot .\screenshots\image-051722-200019.png
05/17/2022 08:00:19 PM Closing the browser
05/17/2022 08:00:28 PM Opening firefox browser
05/17/2022 08:00:31 PM Navigating to https://www.saucedemo.com/
05/17/2022 08:00:31 PM Taking a screenshot .\screenshots\image-051722-200031.png
05/17/2022 08:00:31 PM Closing the browser
05/17/2022 08:03:46 PM Opening firefox browser
05/17/2022 08:03:49 PM Navigating to https://www.saucedemo.com/
05/17/2022 08:03:49 PM ******Test Case: Validating Login Page Title
05/17/2022 08:03:50 PM Taking a screenshot .\screenshots\image-051722-200350.png
05/17/2022 08:03:50 PM Closing the browser
05/17/2022 08:03:59 PM Opening firefox browser
05/17/2022 08:04:03 PM Navigating to https://www.saucedemo.com/
05/17/2022 08:04:03 PM Taking a screenshot .\screenshots\image-051722-200403.png
05/17/2022 08:04:03 PM Closing the browser
05/17/2022 08:11:48 PM Opening firefox browser
05/17/2022 08:11:52 PM Navigating to https://www.saucedemo.com/
05/17/2022 08:11:52 PM Login with valid credentials
05/17/2022 08:11:52 PM Taking a screenshot .\screenshots\image-051722-201152.png
05/17/2022 08:11:52 PM Closing the browser
05/17/2022 08:12:01 PM Opening firefox browser
05/17/2022 08:12:05 PM Navigating to https://www.saucedemo.com/
05/17/2022 08:12:05 PM ********** Test Case: Login Page Title 
05/17/2022 08:12:05 PM Taking a screenshot .\screenshots\image-051722-201205.png
05/17/2022 08:12:05 PM Closing the browser
05/17/2022 08:12:14 PM Opening firefox browser
05/17/2022 08:12:19 PM Navigating to https://www.saucedemo.com/
05/17/2022 08:12:19 PM ********** Test Case: Valid Login
05/17/2022 08:12:20 PM Taking a screenshot .\screenshots\image-051722-201220.png
05/17/2022 08:12:20 PM Closing the browser
05/17/2022 08:47:33 PM Opening firefox browser
05/17/2022 08:47:51 PM Opening firefox browser
05/17/2022 08:48:41 PM Opening firefox browser
05/17/2022 08:48:58 PM Navigating to https://www.saucedemo.com/
05/17/2022 08:48:58 PM Login with valid credentials
05/17/2022 08:48:58 PM Taking a screenshot .\screenshots\image-051722-204858.png
05/17/2022 08:48:58 PM Closing the browser
05/17/2022 08:49:06 PM Opening firefox browser
05/17/2022 08:49:15 PM Navigating to https://www.saucedemo.com/
05/17/2022 08:49:15 PM ********** Test Case: Login Page Title 
05/17/2022 08:49:15 PM Taking a screenshot .\screenshots\image-051722-204915.png
05/17/2022 08:49:15 PM Closing the browser
05/17/2022 08:49:24 PM Opening firefox browser
05/17/2022 08:49:30 PM Navigating to https://www.saucedemo.com/
05/17/2022 08:49:30 PM ********** Test Case: Valid Login
05/17/2022 08:49:31 PM Taking a screenshot .\screenshots\image-051722-204931.png
05/17/2022 08:49:31 PM Closing the browser
05/17/2022 08:50:34 PM Opening firefox browser
05/17/2022 08:50:38 PM Navigating to https://www.saucedemo.com/
05/17/2022 08:50:38 PM Login with valid credentials
05/17/2022 08:50:39 PM Taking a screenshot .\screenshots\image-051722-205038.png
05/17/2022 08:50:39 PM Closing the browser
05/17/2022 08:50:47 PM Opening firefox browser
05/17/2022 08:50:49 PM Navigating to https://www.saucedemo.com/
05/17/2022 08:50:49 PM ********** Test Case: Login Page Title 
05/17/2022 08:51:18 PM Opening firefox browser
05/17/2022 08:51:22 PM Navigating to https://www.saucedemo.com/
05/17/2022 08:51:22 PM Login with valid credentials
05/17/2022 08:51:22 PM Taking a screenshot .\screenshots\image-051722-205122.png
05/17/2022 08:51:22 PM Closing the browser
05/17/2022 08:51:31 PM Opening firefox browser
05/17/2022 08:51:34 PM Navigating to https://www.saucedemo.com/
05/17/2022 08:51:34 PM ********** Test Case: Login Page Title 
05/17/2022 08:51:43 PM Opening firefox browser
05/17/2022 08:51:46 PM Navigating to https://www.saucedemo.com/
05/17/2022 08:51:46 PM ********** Test Case: Valid Login
05/17/2022 08:51:47 PM Taking a screenshot .\screenshots\image-051722-205147.png
05/17/2022 08:51:47 PM Closing the browser
05/17/2022 08:55:58 PM Opening firefox browser
05/17/2022 08:56:05 PM Navigating to https://www.saucedemo.com/
05/17/2022 08:56:06 PM ********** Test Case: Login Page Title 
05/17/2022 08:56:06 PM Taking a screenshot .\screenshots\image-051722-205606.png
05/17/2022 08:56:06 PM Closing the browser
05/17/2022 08:56:15 PM Opening firefox browser
05/17/2022 08:56:23 PM Navigating to https://www.saucedemo.com/
05/17/2022 08:56:23 PM ********** Test Case: Valid Login
05/17/2022 08:56:23 PM Taking a screenshot .\screenshots\image-051722-205623.png
05/17/2022 08:56:23 PM Closing the browser
05/17/2022 08:57:01 PM Opening firefox browser
05/17/2022 08:57:04 PM Navigating to https://www.saucedemo.com/
05/17/2022 08:57:04 PM ********** Test Case: Login Page Title 
05/17/2022 08:57:04 PM Taking a screenshot .\screenshots\image-051722-205704.png
05/17/2022 08:57:04 PM Closing the browser
05/17/2022 08:57:13 PM Opening firefox browser
05/17/2022 08:57:18 PM Navigating to https://www.saucedemo.com/
05/17/2022 08:57:18 PM ********** Test Case: Valid Login
05/17/2022 08:57:18 PM Taking a screenshot .\screenshots\image-051722-205718.png
05/17/2022 08:57:18 PM Closing the browser
05/17/2022 09:03:17 PM Opening firefox browser
05/17/2022 09:03:31 PM Navigating to https://www.saucedemo.com/
05/17/2022 09:03:31 PM Login with valid credentials
05/17/2022 09:03:31 PM Taking a screenshot .\screenshots\image-051722-210331.png
05/17/2022 09:03:31 PM Closing the browser
05/17/2022 10:30:21 PM Opening firefox browser
05/17/2022 10:30:51 PM Opening firefox browser
05/17/2022 10:31:02 PM Navigating to https://www.saucedemo.com/
05/17/2022 10:31:02 PM Login with valid credentials
05/17/2022 10:31:02 PM Taking a screenshot .\screenshots\image-051722-223102.png
05/17/2022 10:31:02 PM Closing the browser
05/17/2022 10:33:02 PM Opening firefox browser
05/17/2022 10:33:11 PM Navigating to https://www.saucedemo.com/
05/17/2022 10:33:11 PM Login with valid credentials
05/17/2022 10:33:11 PM Finding the element Sauce Labs Backpack
05/17/2022 10:33:11 PM Taking a screenshot .\screenshots\image-051722-223311.png
05/17/2022 10:33:11 PM Closing the browser
05/17/2022 10:36:07 PM Opening firefox browser
05/17/2022 10:36:16 PM Navigating to https://www.saucedemo.com/
05/17/2022 10:36:16 PM ********** Test Case: Add to Cart
05/17/2022 10:36:17 PM Taking a screenshot .\screenshots\image-051722-223617.png
05/17/2022 10:36:17 PM Closing the browser
05/17/2022 10:36:26 PM Opening firefox browser
05/17/2022 10:36:39 PM Navigating to https://www.saucedemo.com/
05/17/2022 10:36:39 PM ********** Test Case: View Product Details
05/17/2022 10:36:39 PM Taking a screenshot .\screenshots\image-051722-223639.png
05/17/2022 10:36:39 PM Closing the browser
05/17/2022 10:41:49 PM Opening firefox browser
05/17/2022 10:41:53 PM Navigating to https://www.saucedemo.com/
05/17/2022 10:41:53 PM ********** Test Case: Go back to Products from Product Details
05/17/2022 10:41:54 PM Taking a screenshot .\screenshots\image-051722-224154.png
05/17/2022 10:41:54 PM Closing the browser
05/17/2022 10:46:53 PM Opening firefox browser
05/17/2022 10:46:57 PM Navigating to https://www.saucedemo.com/
05/17/2022 10:46:57 PM ********** Test Case: Go back to Products from Product Details
05/17/2022 10:46:58 PM Taking a screenshot .\screenshots\image-051722-224658.png
05/17/2022 10:46:58 PM Closing the browser
05/17/2022 10:54:54 PM Opening firefox browser
05/17/2022 10:55:00 PM Navigating to https://www.saucedemo.com/
05/17/2022 10:55:01 PM Adding product to cart
05/17/2022 10:55:01 PM Taking a screenshot .\screenshots\image-051722-225501.png
05/17/2022 10:55:01 PM Closing the browser
05/17/2022 10:55:11 PM Opening firefox browser
05/17/2022 10:55:16 PM Navigating to https://www.saucedemo.com/
05/17/2022 10:55:16 PM Clicking on cart icon
05/17/2022 10:55:16 PM Taking a screenshot .\screenshots\image-051722-225516.png
05/17/2022 10:55:16 PM Closing the browser
05/17/2022 10:57:44 PM Opening firefox browser
05/17/2022 10:57:48 PM Navigating to https://www.saucedemo.com/
05/17/2022 10:57:48 PM Adding product to cart
05/17/2022 10:57:49 PM Taking a screenshot .\screenshots\image-051722-225748.png
05/17/2022 10:57:49 PM Closing the browser
05/17/2022 10:57:58 PM Opening firefox browser
05/17/2022 10:58:02 PM Navigating to https://www.saucedemo.com/
05/17/2022 10:58:02 PM Clicking on cart icon
05/17/2022 10:58:02 PM Taking a screenshot .\screenshots\image-051722-225802.png
05/17/2022 10:58:02 PM Closing the browser
05/17/2022 11:01:18 PM Opening firefox browser
05/17/2022 11:01:22 PM Navigating to https://www.saucedemo.com/
05/17/2022 11:01:22 PM Adding product to cart
05/17/2022 11:01:22 PM Taking a screenshot .\screenshots\image-051722-230122.png
05/17/2022 11:01:22 PM Closing the browser
05/17/2022 11:01:32 PM Opening firefox browser
05/17/2022 11:01:37 PM Navigating to https://www.saucedemo.com/
05/17/2022 11:01:37 PM Clicking on cart icon
05/17/2022 11:01:37 PM Taking a screenshot .\screenshots\image-051722-230137.png
05/17/2022 11:01:37 PM Closing the browser
05/17/2022 11:14:57 PM Opening firefox browser
05/17/2022 11:15:04 PM Navigating to https://www.saucedemo.com/
05/17/2022 11:15:04 PM ********** Test Case: Go back to Products from Product Details
05/17/2022 11:15:04 PM Taking a screenshot .\screenshots\image-051722-231504.png
05/17/2022 11:15:04 PM Closing the browser
05/17/2022 11:16:18 PM Opening firefox browser
05/17/2022 11:16:22 PM Navigating to https://www.saucedemo.com/
05/17/2022 11:16:22 PM ********** Test Case: Go back to Products from Product Details
05/17/2022 11:16:23 PM Taking a screenshot .\screenshots\image-051722-231623.png
05/17/2022 11:16:23 PM Closing the browser
05/17/2022 11:22:17 PM Opening firefox browser
05/17/2022 11:22:21 PM Navigating to https://www.saucedemo.com/
05/17/2022 11:22:21 PM ********** Test Case: Go back to Products from Product Details
05/17/2022 11:22:21 PM Product is added
05/17/2022 11:22:21 PM Taking a screenshot .\screenshots\image-051722-232221.png
05/17/2022 11:22:21 PM Closing the browser
05/17/2022 11:27:18 PM Opening firefox browser
05/17/2022 11:27:22 PM Navigating to https://www.saucedemo.com/
05/17/2022 11:27:22 PM ********** Test Case: Go back to Products from Product Details
05/17/2022 11:27:22 PM Product is added
05/17/2022 11:27:23 PM Taking a screenshot .\screenshots\image-051722-232722.png
05/17/2022 11:27:23 PM Closing the browser
05/17/2022 11:39:55 PM Opening firefox browser
05/17/2022 11:40:05 PM Navigating to https://www.saucedemo.com/
05/17/2022 11:40:05 PM ********** Test Case: Go back to Products from Product Details
05/17/2022 11:40:06 PM Product is added
05/17/2022 11:40:06 PM Taking a screenshot .\screenshots\image-051722-234006.png
05/17/2022 11:40:06 PM Closing the browser
05/17/2022 11:40:57 PM Opening firefox browser
05/17/2022 11:41:01 PM Navigating to https://www.saucedemo.com/
05/17/2022 11:41:01 PM ********** Test Case: Go back to Products from Product Details
05/17/2022 11:41:01 PM Product is added
05/17/2022 11:41:01 PM Taking a screenshot .\screenshots\image-051722-234101.png
05/17/2022 11:41:01 PM Closing the browser
05/17/2022 11:45:32 PM Opening firefox browser
05/17/2022 11:45:36 PM Navigating to https://www.saucedemo.com/
05/17/2022 11:45:36 PM ********** Test Case: Login Page Title 
05/17/2022 11:45:36 PM Taking a screenshot .\screenshots\image-051722-234536.png
05/17/2022 11:45:36 PM Closing the browser
05/17/2022 11:45:45 PM Opening firefox browser
05/17/2022 11:45:49 PM Navigating to https://www.saucedemo.com/
05/17/2022 11:45:49 PM ********** Test Case: Valid Login
05/17/2022 11:45:49 PM Taking a screenshot .\screenshots\image-051722-234549.png
05/17/2022 11:45:49 PM Closing the browser
05/17/2022 11:46:41 PM Opening firefox browser
05/17/2022 11:46:45 PM Navigating to https://www.saucedemo.com/
05/17/2022 11:46:45 PM ********** Test Case: Go back to Products from Product Details
05/17/2022 11:46:46 PM Product is added
05/17/2022 11:46:46 PM Taking a screenshot .\screenshots\image-051722-234646.png
05/17/2022 11:46:46 PM Closing the browser
05/17/2022 11:46:55 PM Opening firefox browser
05/17/2022 11:46:59 PM Navigating to https://www.saucedemo.com/
05/17/2022 11:46:59 PM ********** Test Case: Go back to Products from Product Details
05/17/2022 11:46:59 PM Product is added
05/17/2022 11:46:59 PM Cart is displayed
05/17/2022 11:47:00 PM Taking a screenshot .\screenshots\image-051722-234700.png
05/17/2022 11:47:00 PM Closing the browser
05/17/2022 11:47:08 PM Opening firefox browser
05/17/2022 11:47:12 PM Navigating to https://www.saucedemo.com/
05/17/2022 11:47:12 PM ********** Test Case: Go back to Products from Product Details
05/17/2022 11:47:13 PM Taking a screenshot .\screenshots\image-051722-234713.png
05/17/2022 11:47:13 PM Closing the browser
05/17/2022 11:47:23 PM Opening firefox browser
05/17/2022 11:47:26 PM Navigating to https://www.saucedemo.com/
05/17/2022 11:47:26 PM ********** Test Case: Add to Cart
05/17/2022 11:47:27 PM Taking a screenshot .\screenshots\image-051722-234727.png
05/17/2022 11:47:27 PM Closing the browser
05/17/2022 11:47:36 PM Opening firefox browser
05/17/2022 11:47:41 PM Navigating to https://www.saucedemo.com/
05/17/2022 11:47:41 PM ********** Test Case: View Product Details
05/17/2022 11:47:42 PM Taking a screenshot .\screenshots\image-051722-234742.png
05/17/2022 11:47:42 PM Closing the browser
05/17/2022 11:47:51 PM Opening firefox browser
05/17/2022 11:47:55 PM Navigating to https://www.saucedemo.com/
05/17/2022 11:47:55 PM ********** Test Case: Login Page Title 
05/17/2022 11:47:55 PM Taking a screenshot .\screenshots\image-051722-234755.png
05/17/2022 11:47:55 PM Closing the browser
05/17/2022 11:48:05 PM Opening firefox browser
05/17/2022 11:48:08 PM Navigating to https://www.saucedemo.com/
05/17/2022 11:48:08 PM ********** Test Case: Valid Login
05/17/2022 11:48:09 PM Taking a screenshot .\screenshots\image-051722-234809.png
05/17/2022 11:48:09 PM Closing the browser
05/17/2022 11:49:11 PM Opening firefox browser
05/17/2022 11:49:15 PM Navigating to https://www.saucedemo.com/
05/17/2022 11:49:15 PM ********** Test Case: Go back to Products from Product Details
05/17/2022 11:49:16 PM Product is added
05/17/2022 11:49:16 PM Cart is displayed
05/17/2022 11:49:16 PM Taking a screenshot .\screenshots\image-051722-234916.png
05/17/2022 11:49:16 PM Closing the browser
05/17/2022 11:50:57 PM Opening firefox browser
05/17/2022 11:51:01 PM Navigating to https://www.saucedemo.com/
05/17/2022 11:51:01 PM ********** Test Case: Go back to Products from Product Details
05/17/2022 11:51:02 PM Product is added
05/17/2022 11:51:02 PM Cart is displayed
05/17/2022 11:51:02 PM Taking a screenshot .\screenshots\image-051722-235102.png
05/17/2022 11:51:02 PM Closing the browser
05/17/2022 11:52:59 PM Opening firefox browser
05/17/2022 11:53:03 PM Navigating to https://www.saucedemo.com/
05/17/2022 11:53:03 PM ********** Test Case: Go back to Products from Product Details
05/17/2022 11:53:03 PM Product is added
05/17/2022 11:53:03 PM Cart is displayed
05/17/2022 11:53:04 PM Taking a screenshot .\screenshots\image-051722-235303.png
05/17/2022 11:53:04 PM Closing the browser
05/17/2022 11:57:09 PM Opening firefox browser
05/17/2022 11:57:13 PM Navigating to https://www.saucedemo.com/
05/17/2022 11:57:13 PM ********** Test Case: Go back to Products from Product Details
05/17/2022 11:57:14 PM Product is added
05/17/2022 11:57:14 PM Cart is displayed
05/17/2022 11:57:14 PM Taking a screenshot .\screenshots\image-051722-235714.png
05/17/2022 11:57:14 PM Closing the browser
05/17/2022 11:58:00 PM Opening firefox browser
05/17/2022 11:58:05 PM Navigating to https://www.saucedemo.com/
05/17/2022 11:58:05 PM ********** Test Case: Go back to Products from Product Details
05/17/2022 11:58:05 PM Product is added
05/17/2022 11:58:05 PM Cart is displayed
05/17/2022 11:58:06 PM Taking a screenshot .\screenshots\image-051722-235806.png
05/17/2022 11:58:06 PM Closing the browser
05/18/2022 12:01:40 AM Opening firefox browser
05/18/2022 12:01:43 AM Navigating to https://www.saucedemo.com/
05/18/2022 12:01:43 AM ********** Test Case: Go back to Products from Product Details
05/18/2022 12:01:44 AM Product is added
05/18/2022 12:01:45 AM Taking a screenshot .\screenshots\image-051822-000144.png
05/18/2022 12:01:45 AM Closing the browser
05/18/2022 12:04:41 AM Opening firefox browser
05/18/2022 12:04:45 AM Navigating to https://www.saucedemo.com/
05/18/2022 12:04:45 AM ********** Test Case: Go back to Products from Product Details
05/18/2022 12:04:46 AM Product is added
05/18/2022 12:04:46 AM Cart is displayed
05/18/2022 12:04:47 AM Taking a screenshot .\screenshots\image-051822-000446.png
05/18/2022 12:04:47 AM Closing the browser
05/18/2022 12:06:00 AM Opening firefox browser
05/18/2022 12:06:05 AM Navigating to https://www.saucedemo.com/
05/18/2022 12:06:05 AM ********** Test Case: Go back to Products from Product Details
05/18/2022 12:06:05 AM Product is added
05/18/2022 12:06:05 AM Cart is displayed
05/18/2022 12:06:06 AM Taking a screenshot .\screenshots\image-051822-000606.png
05/18/2022 12:06:06 AM Closing the browser
05/18/2022 12:06:34 AM Opening firefox browser
05/18/2022 12:06:39 AM Navigating to https://www.saucedemo.com/
05/18/2022 12:06:39 AM ********** Test Case: Go back to Products from Product Details
05/18/2022 12:06:40 AM Product is added
05/18/2022 12:06:40 AM Cart is displayed
05/18/2022 12:06:40 AM Taking a screenshot .\screenshots\image-051822-000640.png
05/18/2022 12:06:40 AM Closing the browser
05/18/2022 12:07:13 AM Opening firefox browser
05/18/2022 12:07:17 AM Navigating to https://www.saucedemo.com/
05/18/2022 12:07:17 AM ********** Test Case: Go back to Products from Product Details
05/18/2022 12:07:18 AM Product is added
05/18/2022 12:07:18 AM Cart is displayed
05/18/2022 12:07:18 AM Taking a screenshot .\screenshots\image-051822-000718.png
05/18/2022 12:07:18 AM Closing the browser
05/18/2022 12:08:58 AM Opening firefox browser
05/18/2022 12:09:02 AM Navigating to https://www.saucedemo.com/
05/18/2022 12:09:02 AM ********** Test Case: Go back to Products from Product Details
05/18/2022 12:09:03 AM Product is added
05/18/2022 12:09:03 AM Taking a screenshot .\screenshots\image-051822-000903.png
05/18/2022 12:09:03 AM Closing the browser
05/18/2022 12:09:12 AM Opening firefox browser
05/18/2022 12:09:16 AM Navigating to https://www.saucedemo.com/
05/18/2022 12:09:16 AM ********** Test Case: Go back to Products from Product Details
05/18/2022 12:09:17 AM Product is added
05/18/2022 12:09:17 AM Cart is displayed
05/18/2022 12:09:17 AM Taking a screenshot .\screenshots\image-051822-000917.png
05/18/2022 12:09:17 AM Closing the browser
05/18/2022 12:09:26 AM Opening firefox browser
05/18/2022 12:09:30 AM Navigating to https://www.saucedemo.com/
05/18/2022 12:09:30 AM ********** Test Case: Go back to Products from Product Details
05/18/2022 12:09:31 AM Taking a screenshot .\screenshots\image-051822-000931.png
05/18/2022 12:09:31 AM Closing the browser
05/18/2022 12:09:40 AM Opening firefox browser
05/18/2022 12:09:44 AM Navigating to https://www.saucedemo.com/
05/18/2022 12:09:44 AM ********** Test Case: Add to Cart
05/18/2022 12:09:45 AM Taking a screenshot .\screenshots\image-051822-000945.png
05/18/2022 12:09:45 AM Closing the browser
05/18/2022 12:09:54 AM Opening firefox browser
05/18/2022 12:09:58 AM Navigating to https://www.saucedemo.com/
05/18/2022 12:09:58 AM ********** Test Case: View Product Details
05/18/2022 12:09:59 AM Taking a screenshot .\screenshots\image-051822-000959.png
05/18/2022 12:09:59 AM Closing the browser
05/18/2022 12:10:08 AM Opening firefox browser
05/18/2022 12:10:12 AM Navigating to https://www.saucedemo.com/
05/18/2022 12:10:12 AM ********** Test Case: Login Page Title 
05/18/2022 12:10:13 AM Taking a screenshot .\screenshots\image-051822-001012.png
05/18/2022 12:10:13 AM Closing the browser
05/18/2022 12:10:22 AM Opening firefox browser
05/18/2022 12:10:26 AM Navigating to https://www.saucedemo.com/
05/18/2022 12:10:26 AM ********** Test Case: Valid Login
05/18/2022 12:10:26 AM Taking a screenshot .\screenshots\image-051822-001026.png
05/18/2022 12:10:26 AM Closing the browser
